<?xml version="1.0" encoding="UTF-8"?>
<testng-results skipped="0" failed="0" total="1" passed="1">
  <reporter-output>
  </reporter-output>
  <suite name="Default suite" duration-ms="6946" started-at="2018-09-27T06:01:34Z" finished-at="2018-09-27T06:01:41Z">
    <groups>
    </groups>
    <test name="Default test" duration-ms="6946" started-at="2018-09-27T06:01:34Z" finished-at="2018-09-27T06:01:41Z">
      <class name="com.tool.tip.GetAllWebElement.GetWebElement">
        <test-method status="PASS" signature="runTest()[pri:0, instance:com.tool.tip.GetAllWebElement.GetWebElement@589838eb]" name="runTest" duration-ms="6015" started-at="2018-09-27T11:31:34Z" finished-at="2018-09-27T11:31:40Z">
          <reporter-output>
          </reporter-output>
        </test-method> <!-- runTest -->
        <test-method status="PASS" signature="closeDriver()[pri:0, instance:com.tool.tip.GetAllWebElement.GetWebElement@589838eb]" name="closeDriver" is-config="true" duration-ms="902" started-at="2018-09-27T11:31:40Z" finished-at="2018-09-27T11:31:41Z">
          <reporter-output>
          </reporter-output>
        </test-method> <!-- closeDriver -->
      </class> <!-- com.tool.tip.GetAllWebElement.GetWebElement -->
    </test> <!-- Default test -->
  </suite> <!-- Default suite -->
</testng-results>
